build/app/intermediates/manifest_merge_blame_file/release/manifest-merger-blame-release-report.txt
1<?xml version="1.0" encoding="utf-8"?>
2<manifest xmlns:android="http://schemas.android.com/apk/res/android"
3    package="com.shreyans.yellow_class_assignment"
4    android:versionCode="1"
5    android:versionName="1.0.0" >
6
7    <uses-sdk
8        android:minSdkVersion="16"
8-->src/main/AndroidManifest.xml
9        android:targetSdkVersion="30" />
9-->src/main/AndroidManifest.xml
10
11    <uses-permission android:name="android.permission.INTERNET" />
11-->[:google_sign_in] AndroidManifest.xml:7:5-67
11-->[:google_sign_in] AndroidManifest.xml:7:22-64
12    <uses-permission android:name="android.permission.ACCESS_NETWORK_STATE" />
12-->[com.google.firebase:firebase-auth:21.0.1] AndroidManifest.xml:24:5-79
12-->[com.google.firebase:firebase-auth:21.0.1] AndroidManifest.xml:24:22-76
13
14    <application
14-->src/main/AndroidManifest.xml:3:4-40:19
15        android:appComponentFactory="androidx.core.app.CoreComponentFactory"
15-->[androidx.core:core:1.1.0] AndroidManifest.xml:24:18-86
16        android:icon="@mipmap/ic_launcher"
16-->src/main/AndroidManifest.xml:5:9-43
17        android:label="yellow_class_assignment" >
17-->src/main/AndroidManifest.xml:4:9-48
18        <activity
18-->src/main/AndroidManifest.xml:6:9-34:20
19            android:name="com.example.yellow_class_assignment.MainActivity"
19-->src/main/AndroidManifest.xml:7:13-41
20            android:configChanges="orientation|keyboardHidden|keyboard|screenSize|smallestScreenSize|locale|layoutDirection|fontScale|screenLayout|density|uiMode"
20-->src/main/AndroidManifest.xml:10:13-163
21            android:hardwareAccelerated="true"
21-->src/main/AndroidManifest.xml:11:13-47
22            android:launchMode="singleTop"
22-->src/main/AndroidManifest.xml:8:13-43
23            android:theme="@style/LaunchTheme"
23-->src/main/AndroidManifest.xml:9:13-47
24            android:windowSoftInputMode="adjustResize" >
24-->src/main/AndroidManifest.xml:12:13-55
25
26            <!--
27                 Specifies an Android theme to apply to this Activity as soon as
28                 the Android process has started. This theme is visible to the user
29                 while the Flutter UI initializes. After that, this theme continues
30                 to determine the Window background behind the Flutter UI.
31            -->
32            <meta-data
32-->src/main/AndroidManifest.xml:17:13-20:17
33                android:name="io.flutter.embedding.android.NormalTheme"
33-->src/main/AndroidManifest.xml:18:15-70
34                android:resource="@style/NormalTheme" />
34-->src/main/AndroidManifest.xml:19:15-52
35            <!--
36                 Displays an Android View that continues showing the launch screen
37                 Drawable until Flutter paints its first frame, then this splash
38                 screen fades out. A splash screen is useful to avoid any visual
39                 gap between the end of Android's launch screen and the painting of
40                 Flutter's first frame.
41            -->
42            <meta-data
42-->src/main/AndroidManifest.xml:26:13-29:17
43                android:name="io.flutter.embedding.android.SplashScreenDrawable"
43-->src/main/AndroidManifest.xml:27:15-79
44                android:resource="@drawable/launch_background" />
44-->src/main/AndroidManifest.xml:28:15-61
45
46            <intent-filter>
46-->src/main/AndroidManifest.xml:30:13-33:29
47                <action android:name="android.intent.action.MAIN" />
47-->src/main/AndroidManifest.xml:31:17-68
47-->src/main/AndroidManifest.xml:31:25-66
48
49                <category android:name="android.intent.category.LAUNCHER" />
49-->src/main/AndroidManifest.xml:32:17-76
49-->src/main/AndroidManifest.xml:32:27-74
50            </intent-filter>
51        </activity>
52        <!--
53             Don't delete the meta-data below.
54             This is used by the Flutter tool to generate GeneratedPluginRegistrant.java
55        -->
56        <meta-data
56-->src/main/AndroidManifest.xml:37:9-39:33
57            android:name="flutterEmbedding"
57-->src/main/AndroidManifest.xml:38:13-44
58            android:value="2" />
58-->src/main/AndroidManifest.xml:39:13-30
59
60        <service
60-->[:firebase_auth] AndroidManifest.xml:8:9-12:19
61            android:name="com.google.firebase.components.ComponentDiscoveryService"
61-->[:firebase_auth] AndroidManifest.xml:8:18-89
62            android:directBootAware="true"
62-->[com.google.firebase:firebase-common:20.0.0] AndroidManifest.xml:35:13-43
63            android:exported="false" >
63-->[com.google.firebase:firebase-auth:21.0.1] AndroidManifest.xml:76:13-37
64            <meta-data
64-->[:firebase_auth] AndroidManifest.xml:9:13-11:85
65                android:name="com.google.firebase.components:io.flutter.plugins.firebase.auth.FlutterFirebaseAuthRegistrar"
65-->[:firebase_auth] AndroidManifest.xml:10:17-124
66                android:value="com.google.firebase.components.ComponentRegistrar" />
66-->[:firebase_auth] AndroidManifest.xml:11:17-82
67            <meta-data
67-->[:firebase_core] AndroidManifest.xml:9:13-11:85
68                android:name="com.google.firebase.components:io.flutter.plugins.firebase.core.FlutterFirebaseCoreRegistrar"
68-->[:firebase_core] AndroidManifest.xml:10:17-124
69                android:value="com.google.firebase.components.ComponentRegistrar" />
69-->[:firebase_core] AndroidManifest.xml:11:17-82
70            <meta-data
70-->[com.google.firebase:firebase-auth:21.0.1] AndroidManifest.xml:77:13-79:85
71                android:name="com.google.firebase.components:com.google.firebase.auth.FirebaseAuthRegistrar"
71-->[com.google.firebase:firebase-auth:21.0.1] AndroidManifest.xml:78:17-109
72                android:value="com.google.firebase.components.ComponentRegistrar" />
72-->[com.google.firebase:firebase-auth:21.0.1] AndroidManifest.xml:79:17-82
73        </service>
74
75        <provider
75-->[:image_picker] AndroidManifest.xml:8:9-16:20
76            android:name="io.flutter.plugins.imagepicker.ImagePickerFileProvider"
76-->[:image_picker] AndroidManifest.xml:9:13-82
77            android:authorities="com.shreyans.yellow_class_assignment.flutter.image_provider"
77-->[:image_picker] AndroidManifest.xml:10:13-74
78            android:exported="false"
78-->[:image_picker] AndroidManifest.xml:11:13-37
79            android:grantUriPermissions="true" >
79-->[:image_picker] AndroidManifest.xml:12:13-47
80            <meta-data
80-->[:image_picker] AndroidManifest.xml:13:13-15:75
81                android:name="android.support.FILE_PROVIDER_PATHS"
81-->[:image_picker] AndroidManifest.xml:14:17-67
82                android:resource="@xml/flutter_image_picker_file_paths" />
82-->[:image_picker] AndroidManifest.xml:15:17-72
83        </provider>
84
85        <activity
85-->[:url_launcher] AndroidManifest.xml:8:9-11:74
86            android:name="io.flutter.plugins.urllauncher.WebViewActivity"
86-->[:url_launcher] AndroidManifest.xml:9:13-74
87            android:exported="false"
87-->[:url_launcher] AndroidManifest.xml:10:13-37
88            android:theme="@android:style/Theme.NoTitleBar.Fullscreen" />
88-->[:url_launcher] AndroidManifest.xml:11:13-71
89        <activity
89-->[com.google.firebase:firebase-auth:21.0.1] AndroidManifest.xml:27:9-44:20
90            android:name="com.google.firebase.auth.internal.GenericIdpActivity"
90-->[com.google.firebase:firebase-auth:21.0.1] AndroidManifest.xml:28:13-80
91            android:excludeFromRecents="true"
91-->[com.google.firebase:firebase-auth:21.0.1] AndroidManifest.xml:29:13-46
92            android:exported="true"
92-->[com.google.firebase:firebase-auth:21.0.1] AndroidManifest.xml:30:13-36
93            android:launchMode="singleTask"
93-->[com.google.firebase:firebase-auth:21.0.1] AndroidManifest.xml:31:13-44
94            android:theme="@android:style/Theme.Translucent.NoTitleBar" >
94-->[com.google.firebase:firebase-auth:21.0.1] AndroidManifest.xml:32:13-72
95            <intent-filter>
95-->[com.google.firebase:firebase-auth:21.0.1] AndroidManifest.xml:33:13-43:29
96                <action android:name="android.intent.action.VIEW" />
96-->[com.google.firebase:firebase-auth:21.0.1] AndroidManifest.xml:34:17-69
96-->[com.google.firebase:firebase-auth:21.0.1] AndroidManifest.xml:34:25-66
97
98                <category android:name="android.intent.category.DEFAULT" />
98-->[com.google.firebase:firebase-auth:21.0.1] AndroidManifest.xml:36:17-76
98-->[com.google.firebase:firebase-auth:21.0.1] AndroidManifest.xml:36:27-73
99                <category android:name="android.intent.category.BROWSABLE" />
99-->[com.google.firebase:firebase-auth:21.0.1] AndroidManifest.xml:37:17-78
99-->[com.google.firebase:firebase-auth:21.0.1] AndroidManifest.xml:37:27-75
100
101                <data
101-->[com.google.firebase:firebase-auth:21.0.1] AndroidManifest.xml:39:17-42:51
102                    android:host="firebase.auth"
102-->[com.google.firebase:firebase-auth:21.0.1] AndroidManifest.xml:40:21-49
103                    android:path="/"
103-->[com.google.firebase:firebase-auth:21.0.1] AndroidManifest.xml:41:21-37
104                    android:scheme="genericidp" />
104-->[com.google.firebase:firebase-auth:21.0.1] AndroidManifest.xml:42:21-48
105            </intent-filter>
106        </activity>
107        <activity
107-->[com.google.firebase:firebase-auth:21.0.1] AndroidManifest.xml:45:9-62:20
108            android:name="com.google.firebase.auth.internal.RecaptchaActivity"
108-->[com.google.firebase:firebase-auth:21.0.1] AndroidManifest.xml:46:13-79
109            android:excludeFromRecents="true"
109-->[com.google.firebase:firebase-auth:21.0.1] AndroidManifest.xml:47:13-46
110            android:exported="true"
110-->[com.google.firebase:firebase-auth:21.0.1] AndroidManifest.xml:48:13-36
111            android:launchMode="singleTask"
111-->[com.google.firebase:firebase-auth:21.0.1] AndroidManifest.xml:49:13-44
112            android:theme="@android:style/Theme.Translucent.NoTitleBar" >
112-->[com.google.firebase:firebase-auth:21.0.1] AndroidManifest.xml:50:13-72
113            <intent-filter>
113-->[com.google.firebase:firebase-auth:21.0.1] AndroidManifest.xml:51:13-61:29
114                <action android:name="android.intent.action.VIEW" />
114-->[com.google.firebase:firebase-auth:21.0.1] AndroidManifest.xml:34:17-69
114-->[com.google.firebase:firebase-auth:21.0.1] AndroidManifest.xml:34:25-66
115
116                <category android:name="android.intent.category.DEFAULT" />
116-->[com.google.firebase:firebase-auth:21.0.1] AndroidManifest.xml:36:17-76
116-->[com.google.firebase:firebase-auth:21.0.1] AndroidManifest.xml:36:27-73
117                <category android:name="android.intent.category.BROWSABLE" />
117-->[com.google.firebase:firebase-auth:21.0.1] AndroidManifest.xml:37:17-78
117-->[com.google.firebase:firebase-auth:21.0.1] AndroidManifest.xml:37:27-75
118
119                <data
119-->[com.google.firebase:firebase-auth:21.0.1] AndroidManifest.xml:39:17-42:51
120                    android:host="firebase.auth"
120-->[com.google.firebase:firebase-auth:21.0.1] AndroidManifest.xml:40:21-49
121                    android:path="/"
121-->[com.google.firebase:firebase-auth:21.0.1] AndroidManifest.xml:41:21-37
122                    android:scheme="recaptcha" />
122-->[com.google.firebase:firebase-auth:21.0.1] AndroidManifest.xml:42:21-48
123            </intent-filter>
124        </activity>
125
126        <service
126-->[com.google.firebase:firebase-auth:21.0.1] AndroidManifest.xml:64:9-73:19
127            android:name="com.google.firebase.auth.api.fallback.service.FirebaseAuthFallbackService"
127-->[com.google.firebase:firebase-auth:21.0.1] AndroidManifest.xml:65:13-101
128            android:enabled="true"
128-->[com.google.firebase:firebase-auth:21.0.1] AndroidManifest.xml:66:13-35
129            android:exported="false" >
129-->[com.google.firebase:firebase-auth:21.0.1] AndroidManifest.xml:67:13-37
130            <intent-filter>
130-->[com.google.firebase:firebase-auth:21.0.1] AndroidManifest.xml:68:13-72:29
131                <action android:name="com.google.firebase.auth.api.gms.service.START" />
131-->[com.google.firebase:firebase-auth:21.0.1] AndroidManifest.xml:69:17-89
131-->[com.google.firebase:firebase-auth:21.0.1] AndroidManifest.xml:69:25-86
132
133                <category android:name="android.intent.category.DEFAULT" />
133-->[com.google.firebase:firebase-auth:21.0.1] AndroidManifest.xml:36:17-76
133-->[com.google.firebase:firebase-auth:21.0.1] AndroidManifest.xml:36:27-73
134            </intent-filter>
135        </service>
136
137        <provider
137-->[com.google.firebase:firebase-common:20.0.0] AndroidManifest.xml:26:9-31:39
138            android:name="com.google.firebase.provider.FirebaseInitProvider"
138-->[com.google.firebase:firebase-common:20.0.0] AndroidManifest.xml:27:13-77
139            android:authorities="com.shreyans.yellow_class_assignment.firebaseinitprovider"
139-->[com.google.firebase:firebase-common:20.0.0] AndroidManifest.xml:28:13-72
140            android:directBootAware="true"
140-->[com.google.firebase:firebase-common:20.0.0] AndroidManifest.xml:29:13-43
141            android:exported="false"
141-->[com.google.firebase:firebase-common:20.0.0] AndroidManifest.xml:30:13-37
142            android:initOrder="100" />
142-->[com.google.firebase:firebase-common:20.0.0] AndroidManifest.xml:31:13-36
143
144        <activity
144-->[com.google.android.gms:play-services-auth:16.0.1] AndroidManifest.xml:23:9-27:75
145            android:name="com.google.android.gms.auth.api.signin.internal.SignInHubActivity"
145-->[com.google.android.gms:play-services-auth:16.0.1] AndroidManifest.xml:24:13-93
146            android:excludeFromRecents="true"
146-->[com.google.android.gms:play-services-auth:16.0.1] AndroidManifest.xml:25:13-46
147            android:exported="false"
147-->[com.google.android.gms:play-services-auth:16.0.1] AndroidManifest.xml:26:13-37
148            android:theme="@android:style/Theme.Translucent.NoTitleBar" />
148-->[com.google.android.gms:play-services-auth:16.0.1] AndroidManifest.xml:27:13-72
149        <!--
150            Service handling Google Sign-In user revocation. For apps that do not integrate with
151            Google Sign-In, this service will never be started.
152        -->
153        <service
153-->[com.google.android.gms:play-services-auth:16.0.1] AndroidManifest.xml:33:9-36:110
154            android:name="com.google.android.gms.auth.api.signin.RevocationBoundService"
154-->[com.google.android.gms:play-services-auth:16.0.1] AndroidManifest.xml:34:13-89
155            android:exported="true"
155-->[com.google.android.gms:play-services-auth:16.0.1] AndroidManifest.xml:35:13-36
156            android:permission="com.google.android.gms.auth.api.signin.permission.REVOCATION_NOTIFICATION" />
156-->[com.google.android.gms:play-services-auth:16.0.1] AndroidManifest.xml:36:13-107
157
158        <activity
158-->[com.google.android.gms:play-services-base:17.1.0] AndroidManifest.xml:23:9-26:75
159            android:name="com.google.android.gms.common.api.GoogleApiActivity"
159-->[com.google.android.gms:play-services-base:17.1.0] AndroidManifest.xml:24:13-79
160            android:exported="false"
160-->[com.google.android.gms:play-services-base:17.1.0] AndroidManifest.xml:25:13-37
161            android:theme="@android:style/Theme.Translucent.NoTitleBar" />
161-->[com.google.android.gms:play-services-base:17.1.0] AndroidManifest.xml:26:13-72
162
163        <meta-data
163-->[com.google.android.gms:play-services-basement:17.1.0] AndroidManifest.xml:23:9-25:69
164            android:name="com.google.android.gms.version"
164-->[com.google.android.gms:play-services-basement:17.1.0] AndroidManifest.xml:24:13-58
165            android:value="@integer/google_play_services_version" />
165-->[com.google.android.gms:play-services-basement:17.1.0] AndroidManifest.xml:25:13-66
166    </application>
167
168</manifest>